  j   jS  jE       xCnt        zCnt         vSx         vSz        vEx         vEz           R       v1Tx       v1Tz     alf1T   v2Tx     v2Tz    alf2T     zT
  1,   0,   6,     46.21,     160.76,      -12.00,     165.97,      -7.75,     138.22,      58.39,  -0.0892,   -0.9960,  264.9,  0.3854, -0.9228,  292.7   -0.88
  2,   5,  10,     68.52,     155.65,       -7.75,     138.22,      -1.50,     120.97,      78.08,   0.2227,   -0.9749,  282.9,  0.4438, -0.8961,  296.3   -0.97
  3,   9,  16,    -57.12,     107.63,       -1.50,     120.97,      -1.00,      95.72,      57.13,   0.2333,   -0.9724,  283.5, -0.2075, -0.9782,  258.0     0.9
  4,  15,  28,   -152.84,     119.01,       -1.00,      95.72,     -17.75,      45.97,     153.46,  -0.1516,   -0.9884,  261.3, -0.4756, -0.8797,  241.6    0.94
  5,  27,  34,    -70.02,      58.80,      -17.75,      45.97,     -28.50,      24.22,      53.67,  -0.2383,   -0.9712,  256.2, -0.6399, -0.7685,  230.2     0.9
  6,  33,  40,    -65.20,      43.93,      -28.50,      24.22,     -44.75,       7.97,      41.42,  -0.4731,   -0.8810,  241.8, -0.8693, -0.4943,  209.6    0.85
  7,  39,  48,    -93.02,      86.54,      -44.75,       7.97,     -78.75,      -5.03,      92.22,  -0.8520,   -0.5235,  211.6, -0.9881, -0.1540,  188.9    0.92
  8,  47,  53,    -88.11,     -26.10,      -78.75,      -5.03,    -103.25,      -8.78,      21.17,  -0.9139,    0.4060,  156.0, -0.7531, -0.6579,  221.1   -0.42
  9,  52,  57,   -107.06,     -17.95,     -103.25,      -8.78,    -116.25,     -14.53,       9.68,  -0.9237,    0.3831,  157.5, -0.3493, -0.9370,  249.6   0.036
 10,  56,  61,   -120.74,     -17.12,     -116.25,     -14.53,    -123.25,     -21.78,       5.14,   0.5013,   -0.8653,  300.1, -0.8797,  0.4756,  151.6   -0.85
  1,   264.88 
  2,   287.77
  3,   289.92
  4,   259.65
  5,   248.91
  6,   235.99
  7,   210.60
  8,   172.45
  9,   189.31
 10,   274.82
 11,   151.60
