  j   jS  jE       xCnt        zCnt         vSx         vSz        vEx         vEz           R       v1Tx       v1Tz     alf1T   v2Tx     v2Tz    alf2T     zT
  1,   0,   6,     46.21,     151.76,      -12.00,     156.97,      -7.75,     129.22,      58.39,  -0.0892,   -0.9960,  264.9,  0.3854, -0.9228,  292.7   -0.88
  2,   5,  10,     68.52,     146.65,       -7.75,     129.22,      -1.50,     111.97,      78.08,   0.2227,   -0.9749,  282.9,  0.4438, -0.8961,  296.3   -0.97
  3,   9,  16,    -57.12,      98.63,       -1.50,     111.97,      -1.00,      86.72,      57.13,   0.2333,   -0.9724,  283.5, -0.2075, -0.9782,  258.0     0.9
  4,  15,  28,   -152.84,     110.01,       -1.00,      86.72,     -17.75,      36.97,     153.46,  -0.1516,   -0.9884,  261.3, -0.4756, -0.8797,  241.6    0.94
  5,  27,  34,    -70.02,      49.80,      -17.75,      36.97,     -28.50,      15.22,      53.67,  -0.2383,   -0.9712,  256.2, -0.6399, -0.7685,  230.2     0.9
  6,  33,  40,    -65.20,      34.93,      -28.50,      15.22,     -44.75,      -1.03,      41.42,  -0.4731,   -0.8810,  241.8, -0.8693, -0.4943,  209.6    0.85
  7,  39,  45,    -78.55,      47.02,      -44.75,      -1.03,     -63.25,      -9.78,      58.62,  -0.8179,   -0.5754,  215.1, -0.9656, -0.2601,  195.1    0.94
  8,  44,  50,    -99.79,      87.18,      -63.25,      -9.78,     -89.25,     -15.78,     103.28,  -0.9357,   -0.3527,  200.7, -0.9948, -0.1019,  185.8    0.97
  9,  49,  55,    -94.85,     -63.29,      -89.25,     -15.78,    -116.25,     -20.78,      47.04,  -0.9931,    0.1170,  173.3, -0.8932, -0.4497,  206.7   -0.83
  1,   264.88 
  2,   287.77
  3,   289.92
  4,   259.65
  5,   248.91
  6,   235.99
  7,   212.38
  8,   197.86
  9,   179.56
 10,   206.72
