  j   jS  jE       xCnt        zCnt         vSx         vSz        vEx         vEz           R       v1Tx       v1Tz     alf1T   v2Tx     v2Tz    alf2T     zT
  1,   0,   6,     -7.07,    2278.44,       -0.02,    2444.15,    -148.86,    2366.07,     165.80,  -0.9991,    0.0425,  177.6, -0.5257, -0.8507,  238.3   -0.49
  2,   5,  10,     59.19,    2208.93,     -148.86,    2366.07,    -202.54,    2197.71,     261.05,  -0.6027,   -0.7980,  232.9,  0.0428, -0.9991,  272.5   -0.77
  3,   9,  16,  -1405.64,    2269.13,     -202.54,    2197.71,    -290.38,    1819.51,    1203.30,  -0.0593,   -0.9982,  266.6, -0.3739, -0.9275,  248.0    0.95
  4,  15,  28,  -1264.18,    2421.68,     -290.38,    1819.51,    -768.61,    1372.99,    1148.58,  -0.5259,   -0.8505,  238.3, -0.9041, -0.4273,  205.3    0.84
  5,  27,  40,    564.80,   -1269.64,     -768.61,    1372.99,   -1332.25,    1006.99,    2957.45,  -0.8928,   -0.4505,  206.8, -0.7682, -0.6402,  219.8   -0.97
  6,  39,  48,   -433.73,    -125.83,    -1332.25,    1006.99,   -1566.48,     767.87,    1441.11,  -0.7835,   -0.6214,  218.4, -0.6194, -0.7851,  231.7   -0.97
  7,  47,  53,  -1285.52,     455.94,    -1566.48,     767.87,   -1686.04,     565.35,     410.71,  -0.7430,   -0.6693,  222.0, -0.2635, -0.9647,  254.7   -0.84
  8,  52,  57,  -1001.15,     215.54,    -1686.04,     565.35,   -1751.92,     387.23,     769.23,  -0.4549,   -0.8906,  242.9, -0.2229, -0.9748,  257.1   -0.97
  9,  56,  73,    -44.41,      15.54,    -1751.92,     387.23,   -1759.24,    -327.69,    1746.58,  -0.2127,   -0.9771,  257.7,  0.1963, -0.9806,  281.3   -0.92
  1,   177.57 
  2,   235.61
  3,   269.53
  4,   243.16
  5,   206.03
  6,   219.11
  7,   226.87
  8,   248.83
  9,   257.42
 10,   281.32
